<?xml version="1.0" encoding="UTF-8"?>
<!-- Generated by org.testng.reporters.JUnitReportReporter -->
<testsuite hostname="LAPTOP-0P5U8GMQ" failures="0" tests="1" name="testScript.Login" time="5.411" errors="0" timestamp="2025-03-14T11:33:33 IST" skipped="0">
  <testcase classname="testScript.Login" name="login" time="5.411"/>
</testsuite> <!-- testScript.Login -->
